This is pdfTeX, Version 3.14159265-2.6-1.40.20 (TeX Live 2019/Debian) (preloaded format=pdflatex 2021.8.1)  15 SEP 2021 16:00
entering extended mode
 restricted \write18 enabled.
 %&-line parsing enabled.
**fluxo-eventos.tex
(./fluxo-eventos.tex
LaTeX2e <2020-02-02> patch level 2
L3 programming layer <2020-02-14>
(/usr/share/texlive/texmf-dist/tex/latex/base/article.cls
Document Class: article 2019/12/20 v1.4l Standard LaTeX document class
(/usr/share/texlive/texmf-dist/tex/latex/base/size12.clo
File: size12.clo 2019/12/20 v1.4l Standard LaTeX file (size option)
)
\c@part=\count167
\c@section=\count168
\c@subsection=\count169
\c@subsubsection=\count170
\c@paragraph=\count171
\c@subparagraph=\count172
\c@figure=\count173
\c@table=\count174
\abovecaptionskip=\skip47
\belowcaptionskip=\skip48
\bibindent=\dimen134
)
(/usr/share/texlive/texmf-dist/tex/latex/base/inputenc.sty
Package: inputenc 2018/08/11 v1.3c Input encoding file
\inpenc@prehook=\toks14
\inpenc@posthook=\toks15
)
(/usr/share/texlive/texmf-dist/tex/latex/l3backend/l3backend-pdfmode.def
File: l3backend-pdfmode.def 2020-02-03 L3 backend support: PDF mode
\l__kernel_color_stack_int=\count175
\l__pdf_internal_box=\box45
)
(./fluxo-eventos.aux)
\openout1 = `fluxo-eventos.aux'.

LaTeX Font Info:    Checking defaults for OML/cmm/m/it on input line 4.
LaTeX Font Info:    ... okay on input line 4.
LaTeX Font Info:    Checking defaults for OMS/cmsy/m/n on input line 4.
LaTeX Font Info:    ... okay on input line 4.
LaTeX Font Info:    Checking defaults for OT1/cmr/m/n on input line 4.
LaTeX Font Info:    ... okay on input line 4.
LaTeX Font Info:    Checking defaults for T1/cmr/m/n on input line 4.
LaTeX Font Info:    ... okay on input line 4.
LaTeX Font Info:    Checking defaults for TS1/cmr/m/n on input line 4.
LaTeX Font Info:    ... okay on input line 4.
LaTeX Font Info:    Checking defaults for OMX/cmex/m/n on input line 4.
LaTeX Font Info:    ... okay on input line 4.
LaTeX Font Info:    Checking defaults for U/cmr/m/n on input line 4.
LaTeX Font Info:    ... okay on input line 4.
 [1

{/var/lib/texmf/fonts/map/pdftex/updmap/pdftex.map}]
[2] [3] [4] [5] [6] [7] [8] [9] [10]
Overfull \hbox (3.5862pt too wide) in paragraph at lines 554--555
[]\OT1/cmr/m/n/12 os cam-pos obri-gat^^Sorios vazios ap-re-sen-tam a seguinte m
en-sagem: ``Preen-
 []

[11] [12] [13] [14] [15] [16]
Overfull \hbox (1.61668pt too wide) in paragraph at lines 901--902
\OT1/cmr/m/it/12 Pr^^Se-condi^^Xc~ao\OT1/cmr/m/n/12 : usu^^Sario so-lic-i-tou a
l-terar ad-min-istrador com um e-mail inv^^Salido. 
 []

[17] [18]
Overfull \hbox (1.94307pt too wide) in paragraph at lines 1000--1001
\OT1/cmr/m/it/12 Pr^^Se-condi^^Xc~ao\OT1/cmr/m/n/12 : usu^^Sario so-lic-i-tou r
e-cu-pera^^Xc~ao de senha para um e-mail inv^^Salido. 
 []

[19] (./fluxo-eventos.aux) ) 
Here is how much of TeX's memory you used:
 397 strings out of 481239
 6758 string characters out of 5920378
 240564 words of memory out of 5000000
 15740 multiletter control sequences out of 15000+600000
 533597 words of font info for 28 fonts, out of 8000000 for 9000
 1141 hyphenation exceptions out of 8191
 24i,5n,21p,280b,171s stack positions out of 5000i,500n,10000p,200000b,80000s
</usr/share/texlive/texmf-dist/fonts/type1/public/a
msfonts/cm/cmbx12.pfb></usr/share/texlive/texmf-dist/fonts/type1/public/amsfont
s/cm/cmr12.pfb></usr/share/texlive/texmf-dist/fonts/type1/public/amsfonts/cm/cm
ti12.pfb>
Output written on fluxo-eventos.pdf (19 pages, 63009 bytes).
PDF statistics:
 78 PDF objects out of 1000 (max. 8388607)
 53 compressed objects within 1 object stream
 0 named destinations out of 1000 (max. 500000)
 1 words of extra memory for PDF output out of 10000 (max. 10000000)

