This is pdfTeX, Version 3.1415926-2.5-1.40.14 (TeX Live 2013/Debian) (format=pdflatex 2017.10.1)  12 MAY 2018 19:30
entering extended mode
 restricted \write18 enabled.
 %&-line parsing enabled.
**abntex2abrev.sty
(./abntex2abrev.sty
LaTeX2e <2011/06/27>
Babel <3.9h> and hyphenation patterns for 3 languages loaded.
(/usr/share/texlive/texmf-dist/tex/latex/base/ifthen.sty
Package: ifthen 2001/05/26 v1.1c Standard LaTeX ifthen package (DPC)
)

! LaTeX Error: Command \@ already defined.
               Or name \end... illegal, see p.192 of the manual.

See the LaTeX manual or LaTeX Companion for explanation.
Type  H <return>  for immediate help.
 ...                                              
                                                  
l.55 \newcommand{\@NBR@A@abril}{abr}
                                    
Your command was ignored.
Type  I <command> <return>  to replace it with another command,
or  <return>  to continue without it.


! LaTeX Error: Missing \begin{document}.

See the LaTeX manual or LaTeX Companion for explanation.
Type  H <return>  for immediate help.
 ...                                              
                                                  
l.55 \newcommand{\@NBR@A@abril}{abr}
                                    
You're in trouble here.  Try typing  <return>  to proceed.
If that doesn't work, type  X <return>  to quit.

Missing character: There is no B in font nullfont!
Missing character: There is no R in font nullfont!
Missing character: There is no @ in font nullfont!
Missing character: There is no A in font nullfont!
Missing character: There is no @ in font nullfont!
Missing character: There is no a in font nullfont!
Missing character: There is no b in font nullfont!
Missing character: There is no r in font nullfont!
Missing character: There is no i in font nullfont!
Missing character: There is no l in font nullfont!
! Missing number, treated as zero.
<to be read again> 
                   B
l.55 \newcommand{\@NBR@A@abril}{abr}
                                    
A number should have been here; I inserted `0'.
(If you can't figure out why I needed to see a number,
look up `weird error' in the index to The TeXbook.)

! You already have nine parameters.
\reserved@a ...\def \expandafter \@\reserved@b #10
                                                  B{
l.55 \newcommand{\@NBR@A@abril}{abr}
                                    
I'm going to ignore the # sign you just used.

Missing character: There is no a in font nullfont!
Missing character: There is no b in font nullfont!
Missing character: There is no r in font nullfont!

! LaTeX Error: Command \@ already defined.
               Or name \end... illegal, see p.192 of the manual.

See the LaTeX manual or LaTeX Companion for explanation.
Type  H <return>  for immediate help.
 ...                                              
                                                  
l.56 \newcommand{\@NBR@A@acompanhamento}{acomp}
                                               
Your command was ignored.
Type  I <command> <return>  to replace it with another command,
or  <return>  to continue without it.

Missing character: There is no B in font nullfont!
Missing character: There is no R in font nullfont!
Missing character: There is no @ in font nullfont!
Missing character: There is no A in font nullfont!
Missing character: There is no @ in font nullfont!
Missing character: There is no a in font nullfont!
Missing character: There is no c in font nullfont!
Missing character: There is no o in font nullfont!
Missing character: There is no m in font nullfont!
Missing character: There is no p in font nullfont!
Missing character: There is no a in font nullfont!
Missing character: There is no n in font nullfont!
Missing character: There is no h in font nullfont!
Missing character: There is no a in font nullfont!
Missing character: There is no m in font nullfont!
Missing character: There is no e in font nullfont!
Missing character: There is no n in font nullfont!
Missing character: There is no t in font nullfont!
Missing character: There is no o in font nullfont!
! Missing number, treated as zero.
<to be read again> 
                   B
l.56 \newcommand{\@NBR@A@acompanhamento}{acomp}
                                               
A number should have been here; I inserted `0'.
(If you can't figure out why I needed to see a number,
look up `weird error' in the index to The TeXbook.)

! You already have nine parameters.
\reserved@a ...\def \expandafter \@\reserved@b #10
                                                  B{
l.56 \newcommand{\@NBR@A@acompanhamento}{acomp}
                                               
I'm going to ignore the # sign you just used.

Missing character: There is no a in font nullfont!
Missing character: There is no c in font nullfont!
Missing character: There is no o in font nullfont!
Missing character: There is no m in font nullfont!
Missing character: There is no p in font nullfont!

! LaTeX Error: Command \@ already defined.
               Or name \end... illegal, see p.192 of the manual.

See the LaTeX manual or LaTeX Companion for explanation.
Type  H <return>  for immediate help.
 ...                                              
                                                  
l.57 \newcommand{\@NBR@A@adaptacao}{adapt}
                                          
Your command was ignored.
Type  I <command> <return>  to replace it with another command,
or  <return>  to continue without it.

Missing character: There is no B in font nullfont!
Missing character: There is no R in font nullfont!
Missing character: There is no @ in font nullfont!
Missing character: There is no A in font nullfont!
Missing character: There is no @ in font nullfont!
Missing character: There is no a in font nullfont!
Missing character: There is no d in font nullfont!
Missing character: There is no a in font nullfont!
Missing character: There is no p in font nullfont!
Missing character: There is no t in font nullfont!
Missing character: There is no a in font nullfont!
Missing character: There is no c in font nullfont!
Missing character: There is no a in font nullfont!
Missing character: There is no o in font nullfont!
! Missing number, treated as zero.
<to be read again> 
                   B
l.57 \newcommand{\@NBR@A@adaptacao}{adapt}
                                          
A number should have been here; I inserted `0'.
(If you can't figure out why I needed to see a number,
look up `weird error' in the index to The TeXbook.)

! You already have nine parameters.
\reserved@a ...\def \expandafter \@\reserved@b #10
                                                  B{
l.57 \newcommand{\@NBR@A@adaptacao}{adapt}
                                          
I'm going to ignore the # sign you just used.

Missing character: There is no a in font nullfont!
Missing character: There is no d in font nullfont!
Missing character: There is no a in font nullfont!
Missing character: There is no p in font nullfont!
Missing character: There is no t in font nullfont!

! LaTeX Error: Command \@ already defined.
               Or name \end... illegal, see p.192 of the manual.

See the LaTeX manual or LaTeX Companion for explanation.
Type  H <return>  for immediate help.
 ...                                              
                                                  
l.58 \newcommand{\@NBR@A@adaptado}{adapt}
                                         
Your command was ignored.
Type  I <command> <return>  to replace it with another command,
or  <return>  to continue without it.

Missing character: There is no B in font nullfont!
Missing character: There is no R in font nullfont!
Missing character: There is no @ in font nullfont!
Missing character: There is no A in font nullfont!
Missing character: There is no @ in font nullfont!
Missing character: There is no a in font nullfont!
Missing character: There is no d in font nullfont!
Missing character: There is no a in font nullfont!
Missing character: There is no p in font nullfont!
Missing character: There is no t in font nullfont!
Missing character: There is no a in font nullfont!
Missing character: There is no d in font nullfont!
Missing character: There is no o in font nullfont!
! Missing number, treated as zero.
<to be read again> 
                   B
l.58 \newcommand{\@NBR@A@adaptado}{adapt}
                                         
A number should have been here; I inserted `0'.
(If you can't figure out why I needed to see a number,
look up `weird error' in the index to The TeXbook.)

! You already have nine parameters.
\reserved@a ...\def \expandafter \@\reserved@b #10
                                                  B{
l.58 \newcommand{\@NBR@A@adaptado}{adapt}
                                         
I'm going to ignore the # sign you just used.

Missing character: There is no a in font nullfont!
Missing character: There is no d in font nullfont!
Missing character: There is no a in font nullfont!
Missing character: There is no p in font nullfont!
Missing character: There is no t in font nullfont!

! LaTeX Error: Command \@ already defined.
               Or name \end... illegal, see p.192 of the manual.

See the LaTeX manual or LaTeX Companion for explanation.
Type  H <return>  for immediate help.
 ...                                              
                                                  
l.59 \newcommand{\@NBR@A@adaptada}{adapt}
                                         
Your command was ignored.
Type  I <command> <return>  to replace it with another command,
or  <return>  to continue without it.

Missing character: There is no B in font nullfont!
Missing character: There is no R in font nullfont!
Missing character: There is no @ in font nullfont!
Missing character: There is no A in font nullfont!
Missing character: There is no @ in font nullfont!
Missing character: There is no a in font nullfont!
Missing character: There is no d in font nullfont!
Missing character: There is no a in font nullfont!
Missing character: There is no p in font nullfont!
Missing character: There is no t in font nullfont!
Missing character: There is no a in font nullfont!
Missing character: There is no d in font nullfont!
Missing character: There is no a in font nullfont!
! Missing number, treated as zero.
<to be read again> 
                   B
l.59 \newcommand{\@NBR@A@adaptada}{adapt}
                                         
A number should have been here; I inserted `0'.
(If you can't figure out why I needed to see a number,
look up `weird error' in the index to The TeXbook.)

! You already have nine parameters.
\reserved@a ...\def \expandafter \@\reserved@b #10
                                                  B{
l.59 \newcommand{\@NBR@A@adaptada}{adapt}
                                         
I'm going to ignore the # sign you just used.

Missing character: There is no a in font nullfont!
Missing character: There is no d in font nullfont!
Missing character: There is no a in font nullfont!
Missing character: There is no p in font nullfont!
Missing character: There is no t in font nullfont!

! LaTeX Error: Command \@ already defined.
               Or name \end... illegal, see p.192 of the manual.

See the LaTeX manual or LaTeX Companion for explanation.
Type  H <return>  for immediate help.
 ...                                              
                                                  
l.60 \newcommand{\@NBR@A@adaptador}{adapt}
                                          
Your command was ignored.
Type  I <command> <return>  to replace it with another command,
or  <return>  to continue without it.

Missing character: There is no B in font nullfont!
Missing character: There is no R in font nullfont!
Missing character: There is no @ in font nullfont!
Missing character: There is no A in font nullfont!
Missing character: There is no @ in font nullfont!
Missing character: There is no a in font nullfont!
Missing character: There is no d in font nullfont!
Missing character: There is no a in font nullfont!
Missing character: There is no p in font nullfont!
Missing character: There is no t in font nullfont!
Missing character: There is no a in font nullfont!
Missing character: There is no d in font nullfont!
Missing character: There is no o in font nullfont!
Missing character: There is no r in font nullfont!
! Missing number, treated as zero.
<to be read again> 
                   B
l.60 \newcommand{\@NBR@A@adaptador}{adapt}
                                          
A number should have been here; I inserted `0'.
(If you can't figure out why I needed to see a number,
look up `weird error' in the index to The TeXbook.)

! You already have nine parameters.
\reserved@a ...\def \expandafter \@\reserved@b #10
                                                  B{
l.60 \newcommand{\@NBR@A@adaptador}{adapt}
                                          
I'm going to ignore the # sign you just used.

Missing character: There is no a in font nullfont!
Missing character: There is no d in font nullfont!
Missing character: There is no a in font nullfont!
Missing character: There is no p in font nullfont!
Missing character: There is no t in font nullfont!

! LaTeX Error: Command \@ already defined.
               Or name \end... illegal, see p.192 of the manual.

See the LaTeX manual or LaTeX Companion for explanation.
Type  H <return>  for immediate help.
 ...                                              
                                                  
l.61 \newcommand{\@NBR@A@adaptadora}{adapt}
                                           
Your command was ignored.
Type  I <command> <return>  to replace it with another command,
or  <return>  to continue without it.

Missing character: There is no B in font nullfont!
Missing character: There is no R in font nullfont!
Missing character: There is no @ in font nullfont!
Missing character: There is no A in font nullfont!
Missing character: There is no @ in font nullfont!
Missing character: There is no a in font nullfont!
Missing character: There is no d in font nullfont!
Missing character: There is no a in font nullfont!
Missing character: There is no p in font nullfont!
Missing character: There is no t in font nullfont!
Missing character: There is no a in font nullfont!
Missing character: There is no d in font nullfont!
Missing character: There is no o in font nullfont!
Missing character: There is no r in font nullfont!
Missing character: There is no a in font nullfont!
! Missing number, treated as zero.
<to be read again> 
                   B
l.61 \newcommand{\@NBR@A@adaptadora}{adapt}
                                           
A number should have been here; I inserted `0'.
(If you can't figure out why I needed to see a number,
look up `weird error' in the index to The TeXbook.)

! You already have nine parameters.
\reserved@a ...\def \expandafter \@\reserved@b #10
                                                  B{
l.61 \newcommand{\@NBR@A@adaptadora}{adapt}
                                           
I'm going to ignore the # sign you just used.

Missing character: There is no a in font nullfont!
Missing character: There is no d in font nullfont!
Missing character: There is no a in font nullfont!
Missing character: There is no p in font nullfont!
Missing character: There is no t in font nullfont!

! LaTeX Error: Command \@ already defined.
               Or name \end... illegal, see p.192 of the manual.

See the LaTeX manual or LaTeX Companion for explanation.
Type  H <return>  for immediate help.
 ...                                              
                                                  
l.62 \newcommand{\@NBR@A@agosto}{ago}
                                     
Your command was ignored.
Type  I <command> <return>  to replace it with another command,
or  <return>  to continue without it.

Missing character: There is no B in font nullfont!
Missing character: There is no R in font nullfont!
Missing character: There is no @ in font nullfont!
Missing character: There is no A in font nullfont!
Missing character: There is no @ in font nullfont!
Missing character: There is no a in font nullfont!
Missing character: There is no g in font nullfont!
Missing character: There is no o in font nullfont!
Missing character: There is no s in font nullfont!
Missing character: There is no t in font nullfont!
Missing character: There is no o in font nullfont!
! Missing number, treated as zero.
<to be read again> 
                   B
l.62 \newcommand{\@NBR@A@agosto}{ago}
                                     
A number should have been here; I inserted `0'.
(If you can't figure out why I needed to see a number,
look up `weird error' in the index to The TeXbook.)

! You already have nine parameters.
\reserved@a ...\def \expandafter \@\reserved@b #10
                                                  B{
l.62 \newcommand{\@NBR@A@agosto}{ago}
                                     
I'm going to ignore the # sign you just used.

Missing character: There is no a in font nullfont!
Missing character: There is no g in font nullfont!
Missing character: There is no o in font nullfont!

! LaTeX Error: Command \@ already defined.
               Or name \end... illegal, see p.192 of the manual.

See the LaTeX manual or LaTeX Companion for explanation.
Type  H <return>  for immediate help.
 ...                                              
                                                  
l.63 \newcommand{\@NBR@A@ampliado}{ampl}
                                        
Your command was ignored.
Type  I <command> <return>  to replace it with another command,
or  <return>  to continue without it.

Missing character: There is no B in font nullfont!
Missing character: There is no R in font nullfont!
Missing character: There is no @ in font nullfont!
Missing character: There is no A in font nullfont!
Missing character: There is no @ in font nullfont!
Missing character: There is no a in font nullfont!
Missing character: There is no m in font nullfont!
Missing character: There is no p in font nullfont!
Missing character: There is no l in font nullfont!
Missing character: There is no i in font nullfont!
Missing character: There is no a in font nullfont!
Missing character: There is no d in font nullfont!
Missing character: There is no o in font nullfont!
! Missing number, treated as zero.
<to be read again> 
                   B
l.63 \newcommand{\@NBR@A@ampliado}{ampl}
                                        
A number should have been here; I inserted `0'.
(If you can't figure out why I needed to see a number,
look up `weird error' in the index to The TeXbook.)

! You already have nine parameters.
\reserved@a ...\def \expandafter \@\reserved@b #10
                                                  B{
l.63 \newcommand{\@NBR@A@ampliado}{ampl}
                                        
I'm going to ignore the # sign you just used.

Missing character: There is no a in font nullfont!
Missing character: There is no m in font nullfont!
Missing character: There is no p in font nullfont!
Missing character: There is no l in font nullfont!

! LaTeX Error: Command \@ already defined.
               Or name \end... illegal, see p.192 of the manual.

See the LaTeX manual or LaTeX Companion for explanation.
Type  H <return>  for immediate help.
 ...                                              
                                                  
l.64 \newcommand{\@NBR@A@ampliada}{ampl}
                                        
Your command was ignored.
Type  I <command> <return>  to replace it with another command,
or  <return>  to continue without it.

Missing character: There is no B in font nullfont!
Missing character: There is no R in font nullfont!
Missing character: There is no @ in font nullfont!
Missing character: There is no A in font nullfont!
Missing character: There is no @ in font nullfont!
Missing character: There is no a in font nullfont!
Missing character: There is no m in font nullfont!
Missing character: There is no p in font nullfont!
Missing character: There is no l in font nullfont!
Missing character: There is no i in font nullfont!
Missing character: There is no a in font nullfont!
Missing character: There is no d in font nullfont!
Missing character: There is no a in font nullfont!
! Missing number, treated as zero.
<to be read again> 
                   B
l.64 \newcommand{\@NBR@A@ampliada}{ampl}
                                        
A number should have been here; I inserted `0'.
(If you can't figure out why I needed to see a number,
look up `weird error' in the index to The TeXbook.)

! You already have nine parameters.
\reserved@a ...\def \expandafter \@\reserved@b #10
                                                  B{
l.64 \newcommand{\@NBR@A@ampliada}{ampl}
                                        
I'm going to ignore the # sign you just used.

Missing character: There is no a in font nullfont!
Missing character: There is no m in font nullfont!
Missing character: There is no p in font nullfont!
Missing character: There is no l in font nullfont!

! LaTeX Error: Command \@ already defined.
               Or name \end... illegal, see p.192 of the manual.

See the LaTeX manual or LaTeX Companion for explanation.
Type  H <return>  for immediate help.
 ...                                              
                                                  
l.65 \newcommand{\@NBR@A@capitulo}{cap}
                                       
Your command was ignored.
Type  I <command> <return>  to replace it with another command,
or  <return>  to continue without it.

Missing character: There is no B in font nullfont!
Missing character: There is no R in font nullfont!
Missing character: There is no @ in font nullfont!
Missing character: There is no A in font nullfont!
Missing character: There is no @ in font nullfont!
Missing character: There is no c in font nullfont!
Missing character: There is no a in font nullfont!
Missing character: There is no p in font nullfont!
Missing character: There is no i in font nullfont!
Missing character: There is no t in font nullfont!
Missing character: There is no u in font nullfont!
Missing character: There is no l in font nullfont!
Missing character: There is no o in font nullfont!
! Missing number, treated as zero.
<to be read again> 
                   B
l.65 \newcommand{\@NBR@A@capitulo}{cap}
                                       
A number should have been here; I inserted `0'.
(If you can't figure out why I needed to see a number,
look up `weird error' in the index to The TeXbook.)

! You already have nine parameters.
\reserved@a ...\def \expandafter \@\reserved@b #10
                                                  B{
l.65 \newcommand{\@NBR@A@capitulo}{cap}
                                       
I'm going to ignore the # sign you just used.

Missing character: There is no c in font nullfont!
Missing character: There is no a in font nullfont!
Missing character: There is no p in font nullfont!

! LaTeX Error: Command \@ already defined.
               Or name \end... illegal, see p.192 of the manual.

See the LaTeX manual or LaTeX Companion for explanation.
Type  H <return>  for immediate help.
 ...                                              
                                                  
l.66 \newcommand{\@NBR@A@capitulos}{cap}
                                        
Your command was ignored.
Type  I <command> <return>  to replace it with another command,
or  <return>  to continue without it.

Missing character: There is no B in font nullfont!
Missing character: There is no R in font nullfont!
Missing character: There is no @ in font nullfont!
Missing character: There is no A in font nullfont!
Missing character: There is no @ in font nullfont!
Missing character: There is no c in font nullfont!
Missing character: There is no a in font nullfont!
Missing character: There is no p in font nullfont!
Missing character: There is no i in font nullfont!
Missing character: There is no t in font nullfont!
Missing character: There is no u in font nullfont!
Missing character: There is no l in font nullfont!
Missing character: There is no o in font nullfont!
Missing character: There is no s in font nullfont!
! Missing number, treated as zero.
<to be read again> 
                   B
l.66 \newcommand{\@NBR@A@capitulos}{cap}
                                        
A number should have been here; I inserted `0'.
(If you can't figure out why I needed to see a number,
look up `weird error' in the index to The TeXbook.)

! You already have nine parameters.
\reserved@a ...\def \expandafter \@\reserved@b #10
                                                  B{
l.66 \newcommand{\@NBR@A@capitulos}{cap}
                                        
I'm going to ignore the # sign you just used.

Missing character: There is no c in font nullfont!
Missing character: There is no a in font nullfont!
Missing character: There is no p in font nullfont!

! LaTeX Error: Command \@ already defined.
               Or name \end... illegal, see p.192 of the manual.

See the LaTeX manual or LaTeX Companion for explanation.
Type  H <return>  for immediate help.
 ...                                              
                                                  
l.67 \newcommand{\@NBR@A@citacao}{cit}
                                      
Your command was ignored.
Type  I <command> <return>  to replace it with another command,
or  <return>  to continue without it.

Missing character: There is no B in font nullfont!
Missing character: There is no R in font nullfont!
Missing character: There is no @ in font nullfont!
Missing character: There is no A in font nullfont!
Missing character: There is no @ in font nullfont!
Missing character: There is no c in font nullfont!
Missing character: There is no i in font nullfont!
Missing character: There is no t in font nullfont!
Missing character: There is no a in font nullfont!
Missing character: There is no c in font nullfont!
Missing character: There is no a in font nullfont!
Missing character: There is no o in font nullfont!
! Missing number, treated as zero.
<to be read again> 
                   B
l.67 \newcommand{\@NBR@A@citacao}{cit}
                                      
A number should have been here; I inserted `0'.
(If you can't figure out why I needed to see a number,
look up `weird error' in the index to The TeXbook.)

! You already have nine parameters.
\reserved@a ...\def \expandafter \@\reserved@b #10
                                                  B{
l.67 \newcommand{\@NBR@A@citacao}{cit}
                                      
I'm going to ignore the # sign you just used.

Missing character: There is no c in font nullfont!
Missing character: There is no i in font nullfont!
Missing character: There is no t in font nullfont!

! LaTeX Error: Command \@ already defined.
               Or name \end... illegal, see p.192 of the manual.

See the LaTeX manual or LaTeX Companion for explanation.
Type  H <return>  for immediate help.
 ...                                              
                                                  
l.68 \newcommand{\@NBR@A@edicao}{ed}
                                    
Your command was ignored.
Type  I <command> <return>  to replace it with another command,
or  <return>  to continue without it.

Missing character: There is no B in font nullfont!
Missing character: There is no R in font nullfont!
Missing character: There is no @ in font nullfont!
Missing character: There is no A in font nullfont!
Missing character: There is no @ in font nullfont!
Missing character: There is no e in font nullfont!
Missing character: There is no d in font nullfont!
Missing character: There is no i in font nullfont!
Missing character: There is no c in font nullfont!
Missing character: There is no a in font nullfont!
Missing character: There is no o in font nullfont!
! Missing number, treated as zero.
<to be read again> 
                   B
l.68 \newcommand{\@NBR@A@edicao}{ed}
                                    
A number should have been here; I inserted `0'.
(If you can't figure out why I needed to see a number,
look up `weird error' in the index to The TeXbook.)

! You already have nine parameters.
\reserved@a ...\def \expandafter \@\reserved@b #10
                                                  B{
l.68 \newcommand{\@NBR@A@edicao}{ed}
                                    
I'm going to ignore the # sign you just used.

Missing character: There is no e in font nullfont!
Missing character: There is no d in font nullfont!

! LaTeX Error: Command \@ already defined.
               Or name \end... illegal, see p.192 of the manual.

See the LaTeX manual or LaTeX Companion for explanation.
Type  H <return>  for immediate help.
 ...                                              
                                                  
l.69 \newcommand{\@NBR@A@editado}{ed}
                                     
Your command was ignored.
Type  I <command> <return>  to replace it with another command,
or  <return>  to continue without it.

Missing character: There is no B in font nullfont!
Missing character: There is no R in font nullfont!
Missing character: There is no @ in font nullfont!
Missing character: There is no A in font nullfont!
Missing character: There is no @ in font nullfont!
Missing character: There is no e in font nullfont!
Missing character: There is no d in font nullfont!
Missing character: There is no i in font nullfont!
Missing character: There is no t in font nullfont!
Missing character: There is no a in font nullfont!
Missing character: There is no d in font nullfont!
Missing character: There is no o in font nullfont!
! Missing number, treated as zero.
<to be read again> 
                   B
l.69 \newcommand{\@NBR@A@editado}{ed}
                                     
A number should have been here; I inserted `0'.
(If you can't figure out why I needed to see a number,
look up `weird error' in the index to The TeXbook.)

! You already have nine parameters.
\reserved@a ...\def \expandafter \@\reserved@b #10
                                                  B{
l.69 \newcommand{\@NBR@A@editado}{ed}
                                     
I'm going to ignore the # sign you just used.

Missing character: There is no e in font nullfont!
Missing character: There is no d in font nullfont!

! LaTeX Error: Command \@ already defined.
               Or name \end... illegal, see p.192 of the manual.

See the LaTeX manual or LaTeX Companion for explanation.
Type  H <return>  for immediate help.
 ...                                              
                                                  
l.70 \newcommand{\@NBR@A@editada}{ed}
                                     
Your command was ignored.
Type  I <command> <return>  to replace it with another command,
or  <return>  to continue without it.

Missing character: There is no B in font nullfont!
Missing character: There is no R in font nullfont!
Missing character: There is no @ in font nullfont!
Missing character: There is no A in font nullfont!
Missing character: There is no @ in font nullfont!
Missing character: There is no e in font nullfont!
Missing character: There is no d in font nullfont!
Missing character: There is no i in font nullfont!
Missing character: There is no t in font nullfont!
Missing character: There is no a in font nullfont!
Missing character: There is no d in font nullfont!
Missing character: There is no a in font nullfont!
! Missing number, treated as zero.
<to be read again> 
                   B
l.70 \newcommand{\@NBR@A@editada}{ed}
                                     
A number should have been here; I inserted `0'.
(If you can't figure out why I needed to see a number,
look up `weird error' in the index to The TeXbook.)

! You already have nine parameters.
\reserved@a ...\def \expandafter \@\reserved@b #10
                                                  B{
l.70 \newcommand{\@NBR@A@editada}{ed}
                                     
I'm going to ignore the # sign you just used.

Missing character: There is no e in font nullfont!
Missing character: There is no d in font nullfont!

! LaTeX Error: Command \@ already defined.
               Or name \end... illegal, see p.192 of the manual.

See the LaTeX manual or LaTeX Companion for explanation.
Type  H <return>  for immediate help.
 ...                                              
                                                  
l.71 \newcommand{\@NBR@A@editor}{ed}
                                    
Your command was ignored.
Type  I <command> <return>  to replace it with another command,
or  <return>  to continue without it.

Missing character: There is no B in font nullfont!
Missing character: There is no R in font nullfont!
Missing character: There is no @ in font nullfont!
Missing character: There is no A in font nullfont!
Missing character: There is no @ in font nullfont!
Missing character: There is no e in font nullfont!
Missing character: There is no d in font nullfont!
Missing character: There is no i in font nullfont!
Missing character: There is no t in font nullfont!
Missing character: There is no o in font nullfont!
Missing character: There is no r in font nullfont!
! Missing number, treated as zero.
<to be read again> 
                   B
l.71 \newcommand{\@NBR@A@editor}{ed}
                                    
A number should have been here; I inserted `0'.
(If you can't figure out why I needed to see a number,
look up `weird error' in the index to The TeXbook.)

! You already have nine parameters.
\reserved@a ...\def \expandafter \@\reserved@b #10
                                                  B{
l.71 \newcommand{\@NBR@A@editor}{ed}
                                    
I'm going to ignore the # sign you just used.

Missing character: There is no e in font nullfont!
Missing character: There is no d in font nullfont!

! LaTeX Error: Command \@ already defined.
               Or name \end... illegal, see p.192 of the manual.

See the LaTeX manual or LaTeX Companion for explanation.
Type  H <return>  for immediate help.
 ...                                              
                                                  
l.72 \newcommand{\@NBR@A@editora}{ed}
                                     
Your command was ignored.
Type  I <command> <return>  to replace it with another command,
or  <return>  to continue without it.

Missing character: There is no B in font nullfont!
Missing character: There is no R in font nullfont!
Missing character: There is no @ in font nullfont!
Missing character: There is no A in font nullfont!
Missing character: There is no @ in font nullfont!
Missing character: There is no e in font nullfont!
Missing character: There is no d in font nullfont!
Missing character: There is no i in font nullfont!
Missing character: There is no t in font nullfont!
Missing character: There is no o in font nullfont!
Missing character: There is no r in font nullfont!
Missing character: There is no a in font nullfont!
! Missing number, treated as zero.
<to be read again> 
                   B
l.72 \newcommand{\@NBR@A@editora}{ed}
                                     
A number should have been here; I inserted `0'.
(If you can't figure out why I needed to see a number,
look up `weird error' in the index to The TeXbook.)

! You already have nine parameters.
\reserved@a ...\def \expandafter \@\reserved@b #10
                                                  B{
l.72 \newcommand{\@NBR@A@editora}{ed}
                                     
I'm going to ignore the # sign you just used.

Missing character: There is no e in font nullfont!
Missing character: There is no d in font nullfont!

! LaTeX Error: Command \@ already defined.
               Or name \end... illegal, see p.192 of the manual.

See the LaTeX manual or LaTeX Companion for explanation.
Type  H <return>  for immediate help.
 ...                                              
                                                  
l.73 \newcommand{\@NBR@A@fevereiro}{fev}
                                        
Your command was ignored.
Type  I <command> <return>  to replace it with another command,
or  <return>  to continue without it.

Missing character: There is no B in font nullfont!
Missing character: There is no R in font nullfont!
Missing character: There is no @ in font nullfont!
Missing character: There is no A in font nullfont!
Missing character: There is no @ in font nullfont!
Missing character: There is no f in font nullfont!
Missing character: There is no e in font nullfont!
Missing character: There is no v in font nullfont!
Missing character: There is no e in font nullfont!
Missing character: There is no r in font nullfont!
Missing character: There is no e in font nullfont!
Missing character: There is no i in font nullfont!
Missing character: There is no r in font nullfont!
Missing character: There is no o in font nullfont!
! Missing number, treated as zero.
<to be read again> 
                   B
l.73 \newcommand{\@NBR@A@fevereiro}{fev}
                                        
A number should have been here; I inserted `0'.
(If you can't figure out why I needed to see a number,
look up `weird error' in the index to The TeXbook.)

! You already have nine parameters.
\reserved@a ...\def \expandafter \@\reserved@b #10
                                                  B{
l.73 \newcommand{\@NBR@A@fevereiro}{fev}
                                        
I'm going to ignore the # sign you just used.

Missing character: There is no f in font nullfont!
Missing character: There is no e in font nullfont!
Missing character: There is no v in font nullfont!

! LaTeX Error: Command \@ already defined.
               Or name \end... illegal, see p.192 of the manual.

See the LaTeX manual or LaTeX Companion for explanation.
Type  H <return>  for immediate help.
 ...                                              
                                                  
l.74 \newcommand{\@NBR@A@dezembro}{dez}
                                       
Your command was ignored.
Type  I <command> <return>  to replace it with another command,
or  <return>  to continue without it.

Missing character: There is no B in font nullfont!
Missing character: There is no R in font nullfont!
Missing character: There is no @ in font nullfont!
Missing character: There is no A in font nullfont!
Missing character: There is no @ in font nullfont!
Missing character: There is no d in font nullfont!
Missing character: There is no e in font nullfont!
Missing character: There is no z in font nullfont!
Missing character: There is no e in font nullfont!
Missing character: There is no m in font nullfont!
Missing character: There is no b in font nullfont!
Missing character: There is no r in font nullfont!
Missing character: There is no o in font nullfont!
! Missing number, treated as zero.
<to be read again> 
                   B
l.74 \newcommand{\@NBR@A@dezembro}{dez}
                                       
A number should have been here; I inserted `0'.
(If you can't figure out why I needed to see a number,
look up `weird error' in the index to The TeXbook.)

! You already have nine parameters.
\reserved@a ...\def \expandafter \@\reserved@b #10
                                                  B{
l.74 \newcommand{\@NBR@A@dezembro}{dez}
                                       
I'm going to ignore the # sign you just used.

Missing character: There is no d in font nullfont!
Missing character: There is no e in font nullfont!
Missing character: There is no z in font nullfont!

! LaTeX Error: Command \@ already defined.
               Or name \end... illegal, see p.192 of the manual.

See the LaTeX manual or LaTeX Companion for explanation.
Type  H <return>  for immediate help.
 ...                                              
                                                  
l.75 \newcommand{\@NBR@A@ilustracao}{il}
                                        
Your command was ignored.
Type  I <command> <return>  to replace it with another command,
or  <return>  to continue without it.

Missing character: There is no B in font nullfont!
Missing character: There is no R in font nullfont!
Missing character: There is no @ in font nullfont!
Missing character: There is no A in font nullfont!
Missing character: There is no @ in font nullfont!
Missing character: There is no i in font nullfont!
Missing character: There is no l in font nullfont!
Missing character: There is no u in font nullfont!
Missing character: There is no s in font nullfont!
Missing character: There is no t in font nullfont!
Missing character: There is no r in font nullfont!
Missing character: There is no a in font nullfont!
Missing character: There is no c in font nullfont!
Missing character: There is no a in font nullfont!
Missing character: There is no o in font nullfont!
! Missing number, treated as zero.
<to be read again> 
                   B
l.75 \newcommand{\@NBR@A@ilustracao}{il}
                                        
A number should have been here; I inserted `0'.
(If you can't figure out why I needed to see a number,
look up `weird error' in the index to The TeXbook.)

! You already have nine parameters.
\reserved@a ...\def \expandafter \@\reserved@b #10
                                                  B{
l.75 \newcommand{\@NBR@A@ilustracao}{il}
                                        
I'm going to ignore the # sign you just used.

Missing character: There is no i in font nullfont!
Missing character: There is no l in font nullfont!

! LaTeX Error: Command \@ already defined.
               Or name \end... illegal, see p.192 of the manual.

See the LaTeX manual or LaTeX Companion for explanation.
Type  H <return>  for immediate help.
 ...                                              
                                                  
l.76 \newcommand{\@NBR@A@ilustrado}{il}
                                       
Your command was ignored.
Type  I <command> <return>  to replace it with another command,
or  <return>  to continue without it.

Missing character: There is no B in font nullfont!
Missing character: There is no R in font nullfont!
Missing character: There is no @ in font nullfont!
Missing character: There is no A in font nullfont!
Missing character: There is no @ in font nullfont!
Missing character: There is no i in font nullfont!
Missing character: There is no l in font nullfont!
Missing character: There is no u in font nullfont!
Missing character: There is no s in font nullfont!
Missing character: There is no t in font nullfont!
Missing character: There is no r in font nullfont!
Missing character: There is no a in font nullfont!
Missing character: There is no d in font nullfont!
Missing character: There is no o in font nullfont!
! Missing number, treated as zero.
<to be read again> 
                   B
l.76 \newcommand{\@NBR@A@ilustrado}{il}
                                       
A number should have been here; I inserted `0'.
(If you can't figure out why I needed to see a number,
look up `weird error' in the index to The TeXbook.)

! You already have nine parameters.
\reserved@a ...\def \expandafter \@\reserved@b #10
                                                  B{
l.76 \newcommand{\@NBR@A@ilustrado}{il}
                                       
I'm going to ignore the # sign you just used.

Missing character: There is no i in font nullfont!
Missing character: There is no l in font nullfont!

! LaTeX Error: Command \@ already defined.
               Or name \end... illegal, see p.192 of the manual.

See the LaTeX manual or LaTeX Companion for explanation.
Type  H <return>  for immediate help.
 ...                                              
                                                  
l.77 \newcommand{\@NBR@A@ilustrada}{il}
                                       
Your command was ignored.
Type  I <command> <return>  to replace it with another command,
or  <return>  to continue without it.

Missing character: There is no B in font nullfont!
Missing character: There is no R in font nullfont!
Missing character: There is no @ in font nullfont!
Missing character: There is no A in font nullfont!
Missing character: There is no @ in font nullfont!
Missing character: There is no i in font nullfont!
Missing character: There is no l in font nullfont!
Missing character: There is no u in font nullfont!
Missing character: There is no s in font nullfont!
Missing character: There is no t in font nullfont!
Missing character: There is no r in font nullfont!
Missing character: There is no a in font nullfont!
Missing character: There is no d in font nullfont!
Missing character: There is no a in font nullfont!
! Missing number, treated as zero.
<to be read again> 
                   B
l.77 \newcommand{\@NBR@A@ilustrada}{il}
                                       
A number should have been here; I inserted `0'.
(If you can't figure out why I needed to see a number,
look up `weird error' in the index to The TeXbook.)

! You already have nine parameters.
\reserved@a ...\def \expandafter \@\reserved@b #10
                                                  B{
l.77 \newcommand{\@NBR@A@ilustrada}{il}
                                       
I'm going to ignore the # sign you just used.

Missing character: There is no i in font nullfont!
Missing character: There is no l in font nullfont!

! LaTeX Error: Command \@ already defined.
               Or name \end... illegal, see p.192 of the manual.

See the LaTeX manual or LaTeX Companion for explanation.
Type  H <return>  for immediate help.
 ...                                              
                                                  
l.78 \newcommand{\@NBR@A@ilustrador}{il}
                                        
Your command was ignored.
Type  I <command> <return>  to replace it with another command,
or  <return>  to continue without it.

Missing character: There is no B in font nullfont!
Missing character: There is no R in font nullfont!
Missing character: There is no @ in font nullfont!
Missing character: There is no A in font nullfont!
Missing character: There is no @ in font nullfont!
Missing character: There is no i in font nullfont!
Missing character: There is no l in font nullfont!
Missing character: There is no u in font nullfont!
Missing character: There is no s in font nullfont!
Missing character: There is no t in font nullfont!
Missing character: There is no r in font nullfont!
Missing character: There is no a in font nullfont!
Missing character: There is no d in font nullfont!
Missing character: There is no o in font nullfont!
Missing character: There is no r in font nullfont!
! Missing number, treated as zero.
<to be read again> 
                   B
l.78 \newcommand{\@NBR@A@ilustrador}{il}
                                        
A number should have been here; I inserted `0'.
(If you can't figure out why I needed to see a number,
look up `weird error' in the index to The TeXbook.)

! You already have nine parameters.
\reserved@a ...\def \expandafter \@\reserved@b #10
                                                  B{
l.78 \newcommand{\@NBR@A@ilustrador}{il}
                                        
I'm going to ignore the # sign you just used.

Missing character: There is no i in font nullfont!
Missing character: There is no l in font nullfont!

! LaTeX Error: Command \@ already defined.
               Or name \end... illegal, see p.192 of the manual.

See the LaTeX manual or LaTeX Companion for explanation.
Type  H <return>  for immediate help.
 ...                                              
                                                  
l.79 \newcommand{\@NBR@A@ilustradora}{il}
                                         
Your command was ignored.
Type  I <command> <return>  to replace it with another command,
or  <return>  to continue without it.

Missing character: There is no B in font nullfont!
Missing character: There is no R in font nullfont!
Missing character: There is no @ in font nullfont!
Missing character: There is no A in font nullfont!
Missing character: There is no @ in font nullfont!
Missing character: There is no i in font nullfont!
Missing character: There is no l in font nullfont!
Missing character: There is no u in font nullfont!
Missing character: There is no s in font nullfont!
Missing character: There is no t in font nullfont!
Missing character: There is no r in font nullfont!
Missing character: There is no a in font nullfont!
Missing character: There is no d in font nullfont!
Missing character: There is no o in font nullfont!
Missing character: There is no r in font nullfont!
Missing character: There is no a in font nullfont!
! Missing number, treated as zero.
<to be read again> 
                   B
l.79 \newcommand{\@NBR@A@ilustradora}{il}
                                         
A number should have been here; I inserted `0'.
(If you can't figure out why I needed to see a number,
look up `weird error' in the index to The TeXbook.)

! You already have nine parameters.
\reserved@a ...\def \expandafter \@\reserved@b #10
                                                  B{
l.79 \newcommand{\@NBR@A@ilustradora}{il}
                                         
I'm going to ignore the # sign you just used.

Missing character: There is no i in font nullfont!
Missing character: There is no l in font nullfont!

! LaTeX Error: Command \@ already defined.
               Or name \end... illegal, see p.192 of the manual.

See the LaTeX manual or LaTeX Companion for explanation.
Type  H <return>  for immediate help.
 ...                                              
                                                  
l.80 \newcommand{\@NBR@A@janeiro}{jan}
                                      
Your command was ignored.
Type  I <command> <return>  to replace it with another command,
or  <return>  to continue without it.

Missing character: There is no B in font nullfont!
Missing character: There is no R in font nullfont!
Missing character: There is no @ in font nullfont!
Missing character: There is no A in font nullfont!
Missing character: There is no @ in font nullfont!
Missing character: There is no j in font nullfont!
Missing character: There is no a in font nullfont!
Missing character: There is no n in font nullfont!
Missing character: There is no e in font nullfont!
Missing character: There is no i in font nullfont!
Missing character: There is no r in font nullfont!
Missing character: There is no o in font nullfont!
! Missing number, treated as zero.
<to be read again> 
                   B
l.80 \newcommand{\@NBR@A@janeiro}{jan}
                                      
A number should have been here; I inserted `0'.
(If you can't figure out why I needed to see a number,
look up `weird error' in the index to The TeXbook.)

! You already have nine parameters.
\reserved@a ...\def \expandafter \@\reserved@b #10
                                                  B{
l.80 \newcommand{\@NBR@A@janeiro}{jan}
                                      
I'm going to ignore the # sign you just used.

Missing character: There is no j in font nullfont!
Missing character: There is no a in font nullfont!
Missing character: There is no n in font nullfont!

! LaTeX Error: Command \@ already defined.
               Or name \end... illegal, see p.192 of the manual.

See the LaTeX manual or LaTeX Companion for explanation.
Type  H <return>  for immediate help.
 ...                                              
                                                  
l.81 \newcommand{\@NBR@A@junho}{jun}
                                    
Your command was ignored.
Type  I <command> <return>  to replace it with another command,
or  <return>  to continue without it.

Missing character: There is no B in font nullfont!
Missing character: There is no R in font nullfont!
Missing character: There is no @ in font nullfont!
Missing character: There is no A in font nullfont!
Missing character: There is no @ in font nullfont!
Missing character: There is no j in font nullfont!
Missing character: There is no u in font nullfont!
Missing character: There is no n in font nullfont!
Missing character: There is no h in font nullfont!
Missing character: There is no o in font nullfont!
! Missing number, treated as zero.
<to be read again> 
                   B
l.81 \newcommand{\@NBR@A@junho}{jun}
                                    
A number should have been here; I inserted `0'.
(If you can't figure out why I needed to see a number,
look up `weird error' in the index to The TeXbook.)

! You already have nine parameters.
\reserved@a ...\def \expandafter \@\reserved@b #10
                                                  B{
l.81 \newcommand{\@NBR@A@junho}{jun}
                                    
I'm going to ignore the # sign you just used.

Missing character: There is no j in font nullfont!
Missing character: There is no u in font nullfont!
Missing character: There is no n in font nullfont!

! LaTeX Error: Command \@ already defined.
               Or name \end... illegal, see p.192 of the manual.

See the LaTeX manual or LaTeX Companion for explanation.
Type  H <return>  for immediate help.
 ...                                              
                                                  
l.82 \newcommand{\@NBR@A@julho}{jul}
                                    
Your command was ignored.
Type  I <command> <return>  to replace it with another command,
or  <return>  to continue without it.

Missing character: There is no B in font nullfont!
Missing character: There is no R in font nullfont!
Missing character: There is no @ in font nullfont!
Missing character: There is no A in font nullfont!
Missing character: There is no @ in font nullfont!
Missing character: There is no j in font nullfont!
Missing character: There is no u in font nullfont!
Missing character: There is no l in font nullfont!
Missing character: There is no h in font nullfont!
Missing character: There is no o in font nullfont!
! Missing number, treated as zero.
<to be read again> 
                   B
l.82 \newcommand{\@NBR@A@julho}{jul}
                                    
A number should have been here; I inserted `0'.
(If you can't figure out why I needed to see a number,
look up `weird error' in the index to The TeXbook.)

! You already have nine parameters.
\reserved@a ...\def \expandafter \@\reserved@b #10
                                                  B{
l.82 \newcommand{\@NBR@A@julho}{jul}
                                    
I'm going to ignore the # sign you just used.

Missing character: There is no j in font nullfont!
Missing character: There is no u in font nullfont!
Missing character: There is no l in font nullfont!

! LaTeX Error: Command \@ already defined.
               Or name \end... illegal, see p.192 of the manual.

See the LaTeX manual or LaTeX Companion for explanation.
Type  H <return>  for immediate help.
 ...                                              
                                                  
l.83 \newcommand{\@NBR@A@marco}{mar}
                                    
Your command was ignored.
Type  I <command> <return>  to replace it with another command,
or  <return>  to continue without it.

Missing character: There is no B in font nullfont!
Missing character: There is no R in font nullfont!
Missing character: There is no @ in font nullfont!
Missing character: There is no A in font nullfont!
Missing character: There is no @ in font nullfont!
Missing character: There is no m in font nullfont!
Missing character: There is no a in font nullfont!
Missing character: There is no r in font nullfont!
Missing character: There is no c in font nullfont!
Missing character: There is no o in font nullfont!
! Missing number, treated as zero.
<to be read again> 
                   B
l.83 \newcommand{\@NBR@A@marco}{mar}
                                    
A number should have been here; I inserted `0'.
(If you can't figure out why I needed to see a number,
look up `weird error' in the index to The TeXbook.)

! You already have nine parameters.
\reserved@a ...\def \expandafter \@\reserved@b #10
                                                  B{
l.83 \newcommand{\@NBR@A@marco}{mar}
                                    
I'm going to ignore the # sign you just used.

Missing character: There is no m in font nullfont!
Missing character: There is no a in font nullfont!
Missing character: There is no r in font nullfont!

! LaTeX Error: Command \@ already defined.
               Or name \end... illegal, see p.192 of the manual.

See the LaTeX manual or LaTeX Companion for explanation.
Type  H <return>  for immediate help.
 ...                                              
                                                  
l.84 \newcommand{\@NBR@A@maio}{maio\NoAbrevending}
                                                  
Your command was ignored.
Type  I <command> <return>  to replace it with another command,
or  <return>  to continue without it.

Missing character: There is no B in font nullfont!
Missing character: There is no R in font nullfont!
Missing character: There is no @ in font nullfont!
Missing character: There is no A in font nullfont!
Missing character: There is no @ in font nullfont!
Missing character: There is no m in font nullfont!
Missing character: There is no a in font nullfont!
Missing character: There is no i in font nullfont!
Missing character: There is no o in font nullfont!
! Missing number, treated as zero.
<to be read again> 
                   B
l.84 \newcommand{\@NBR@A@maio}{maio\NoAbrevending}
                                                  
A number should have been here; I inserted `0'.
(If you can't figure out why I needed to see a number,
look up `weird error' in the index to The TeXbook.)

! You already have nine parameters.
\reserved@a ...\def \expandafter \@\reserved@b #10
                                                  B{
l.84 \newcommand{\@NBR@A@maio}{maio\NoAbrevending}
                                                  
I'm going to ignore the # sign you just used.

Missing character: There is no m in font nullfont!
Missing character: There is no a in font nullfont!
Missing character: There is no i in font nullfont!
Missing character: There is no o in font nullfont!
! Undefined control sequence.
<argument> maio\NoAbrevending 
                              
l.84 \newcommand{\@NBR@A@maio}{maio\NoAbrevending}
                                                  
The control sequence at the end of the top line
of your error message was never \def'ed. If you have
misspelled it (e.g., `\hobx'), type `I' and the correct
spelling (e.g., `I\hbox'). Otherwise just continue,
and I'll forget about whatever was undefined.


! LaTeX Error: Command \@ already defined.
               Or name \end... illegal, see p.192 of the manual.

See the LaTeX manual or LaTeX Companion for explanation.
Type  H <return>  for immediate help.
 ...                                              
                                                  
l.85 \newcommand{\@NBR@A@novembro}{nov}
                                       
Your command was ignored.
Type  I <command> <return>  to replace it with another command,
or  <return>  to continue without it.

Missing character: There is no B in font nullfont!
Missing character: There is no R in font nullfont!
Missing character: There is no @ in font nullfont!
Missing character: There is no A in font nullfont!
Missing character: There is no @ in font nullfont!
Missing character: There is no n in font nullfont!
Missing character: There is no o in font nullfont!
Missing character: There is no v in font nullfont!
Missing character: There is no e in font nullfont!
Missing character: There is no m in font nullfont!
Missing character: There is no b in font nullfont!
Missing character: There is no r in font nullfont!
Missing character: There is no o in font nullfont!
! Missing number, treated as zero.
<to be read again> 
                   B
l.85 \newcommand{\@NBR@A@novembro}{nov}
                                       
A number should have been here; I inserted `0'.
(If you can't figure out why I needed to see a number,
look up `weird error' in the index to The TeXbook.)

! You already have nine parameters.
\reserved@a ...\def \expandafter \@\reserved@b #10
                                                  B{
l.85 \newcommand{\@NBR@A@novembro}{nov}
                                       
I'm going to ignore the # sign you just used.

Missing character: There is no n in font nullfont!
Missing character: There is no o in font nullfont!
Missing character: There is no v in font nullfont!

! LaTeX Error: Command \@ already defined.
               Or name \end... illegal, see p.192 of the manual.

See the LaTeX manual or LaTeX Companion for explanation.
Type  H <return>  for immediate help.
 ...                                              
                                                  
l.86 \newcommand{\@NBR@A@outubro}{out}
                                      
Your command was ignored.
Type  I <command> <return>  to replace it with another command,
or  <return>  to continue without it.

Missing character: There is no B in font nullfont!
Missing character: There is no R in font nullfont!
Missing character: There is no @ in font nullfont!
Missing character: There is no A in font nullfont!
Missing character: There is no @ in font nullfont!
Missing character: There is no o in font nullfont!
Missing character: There is no u in font nullfont!
Missing character: There is no t in font nullfont!
Missing character: There is no u in font nullfont!
Missing character: There is no b in font nullfont!
Missing character: There is no r in font nullfont!
Missing character: There is no o in font nullfont!
! Missing number, treated as zero.
<to be read again> 
                   B
l.86 \newcommand{\@NBR@A@outubro}{out}
                                      
A number should have been here; I inserted `0'.
(If you can't figure out why I needed to see a number,
look up `weird error' in the index to The TeXbook.)

! You already have nine parameters.
\reserved@a ...\def \expandafter \@\reserved@b #10
                                                  B{
l.86 \newcommand{\@NBR@A@outubro}{out}
                                      
I'm going to ignore the # sign you just used.

Missing character: There is no o in font nullfont!
Missing character: There is no u in font nullfont!
Missing character: There is no t in font nullfont!

! LaTeX Error: Command \@ already defined.
               Or name \end... illegal, see p.192 of the manual.

See the LaTeX manual or LaTeX Companion for explanation.
Type  H <return>  for immediate help.
 ...                                              
                                                  
l.87 \newcommand{\@NBR@A@oeste}{O\NoAbrevending}
                                                
Your command was ignored.
Type  I <command> <return>  to replace it with another command,
or  <return>  to continue without it.

Missing character: There is no B in font nullfont!
Missing character: There is no R in font nullfont!
Missing character: There is no @ in font nullfont!
Missing character: There is no A in font nullfont!
Missing character: There is no @ in font nullfont!
Missing character: There is no o in font nullfont!
Missing character: There is no e in font nullfont!
Missing character: There is no s in font nullfont!
Missing character: There is no t in font nullfont!
Missing character: There is no e in font nullfont!
! Missing number, treated as zero.
<to be read again> 
                   B
l.87 \newcommand{\@NBR@A@oeste}{O\NoAbrevending}
                                                
(That makes 100 errors; please try again.) 
Here is how much of TeX's memory you used:
 55 strings out of 495004
 690 string characters out of 6180662
 46034 words of memory out of 5000000
 3371 multiletter control sequences out of 15000+600000
 3640 words of font info for 14 fonts, out of 8000000 for 9000
 16 hyphenation exceptions out of 8191
 12i,0n,10p,117b,14s stack positions out of 5000i,500n,10000p,200000b,80000s

!  ==> Fatal error occurred, no output PDF file produced!
